\BOOKMARK [1][-]{section.1}{Esercizi}{}% 1
\BOOKMARK [2][-]{subsection.1.1}{Esercizio B}{section.1}% 2
\BOOKMARK [3][-]{subsubsection.1.1.1}{Sintassi}{subsection.1.1}% 3
\BOOKMARK [3][-]{subsubsection.1.1.2}{Dimostrazione per somme finite}{subsection.1.1}% 4
\BOOKMARK [4][-]{paragraph.1.1.2.1}{Punto 1}{subsubsection.1.1.2}% 5
\BOOKMARK [5][-]{subparagraph.1.1.2.1.1}{Dimostrazione}{paragraph.1.1.2.1}% 6
\BOOKMARK [4][-]{paragraph.1.1.2.2}{Punto 2}{subsubsection.1.1.2}% 7
\BOOKMARK [5][-]{subparagraph.1.1.2.2.1}{Dimostrazione}{paragraph.1.1.2.2}% 8
\BOOKMARK [4][-]{paragraph.1.1.2.3}{Conclusione prima parte}{subsubsection.1.1.2}% 9
\BOOKMARK [3][-]{subsubsection.1.1.3}{Dimostrazione per somme infinite}{subsection.1.1}% 10
\BOOKMARK [3][-]{subsubsection.1.1.4}{Conclusione}{subsection.1.1}% 11
\BOOKMARK [2][-]{subsection.1.2}{Esercizio D}{section.1}% 12
\BOOKMARK [3][-]{subsubsection.1.2.1}{Dimostrazione}{subsection.1.2}% 13
\BOOKMARK [4][-]{paragraph.1.2.1.1}{Prefisso C[ ] = .}{subsubsection.1.2.1}% 14
\BOOKMARK [4][-]{paragraph.1.2.1.2}{Contesto non deterministico C[ ] = \( \040+ R\)}{subsubsection.1.2.1}% 15
\BOOKMARK [4][-]{paragraph.1.2.1.3}{Contesto parallelo C[ ] = \( \040| R\)}{subsubsection.1.2.1}% 16
\BOOKMARK [4][-]{paragraph.1.2.1.4}{Contesto restrizione C[ ] = \134L}{subsubsection.1.2.1}% 17
\BOOKMARK [4][-]{paragraph.1.2.1.5}{Contesto relabelling C[ ] = [f] }{subsubsection.1.2.1}% 18
\BOOKMARK [3][-]{subsubsection.1.2.2}{Conclusione}{subsection.1.2}% 19
\BOOKMARK [1][-]{section.2}{Barbershop}{}% 20
\BOOKMARK [2][-]{subsection.2.1}{Una possibile soluzione}{section.2}% 21
\BOOKMARK [2][-]{subsection.2.2}{Modellazione in CCS}{section.2}% 22
\BOOKMARK [3][-]{subsubsection.2.2.1}{Codifica Mutex e contattore clienti}{subsection.2.2}% 23
\BOOKMARK [3][-]{subsubsection.2.2.2}{Codifica Customer}{subsection.2.2}% 24
\BOOKMARK [3][-]{subsubsection.2.2.3}{Codifica Barber}{subsection.2.2}% 25
\BOOKMARK [3][-]{subsubsection.2.2.4}{Codifica del sistema}{subsection.2.2}% 26
\BOOKMARK [2][-]{subsection.2.3}{Verifica della correttezza attraverso CWB }{section.2}% 27
\BOOKMARK [3][-]{subsubsection.2.3.1}{Trace Equivalence}{subsection.2.3}% 28
\BOOKMARK [3][-]{subsubsection.2.3.2}{Verifica tramite HML}{subsection.2.3}% 29
\BOOKMARK [4][-]{paragraph.2.3.2.1}{Assenza di deadlock}{subsubsection.2.3.2}% 30
\BOOKMARK [4][-]{paragraph.2.3.2.2}{Presenza di Livelock}{subsubsection.2.3.2}% 31
\BOOKMARK [4][-]{paragraph.2.3.2.3}{Mutua esclusione contattore}{subsubsection.2.3.2}% 32
\BOOKMARK [4][-]{paragraph.2.3.2.4}{Mutua esclusione nell'esecuzione del taglio}{subsubsection.2.3.2}% 33
\BOOKMARK [4][-]{paragraph.2.3.2.5}{Verifica comportamento del barbiere nell'attesa dell'arrivo di un nuovo cliente }{subsubsection.2.3.2}% 34
\BOOKMARK [4][-]{paragraph.2.3.2.6}{Verifica comportamento del cliente nell'attesa di essere servito }{subsubsection.2.3.2}% 35
\BOOKMARK [4][-]{paragraph.2.3.2.7}{Fairness}{subsubsection.2.3.2}% 36
